# JRE version: OpenJDK Runtime Environment Temurin-21.0.9+10 (21.0.9+10) (build 21.0.9+10-LTS)
# Java VM: OpenJDK 64-Bit Server VM Temurin-21.0.9+10 (21.0.9+10-LTS, mixed mode, sharing, tiered, compressed oops, compressed class ptrs, parallel gc, windows-amd64)
GC Precious Log:
 CardTable entry size: 512
 CPUs: 8 total, 8 available
 Memory: 7975M
 Large Page Support: Disabled
 NUMA Support: Disabled
 Compressed Oops: Enabled (32-bit)
 Alignments: Space 512K, Generation 512K, Heap 2M
 Heap Min Capacity: 100M
 Heap Initial Capacity: 100M
 Heap Max Capacity: 2G
 Pre-touch: Disabled
 Parallel Workers: 8
Heap:
 PSYoungGen      total 18944K, used 4063K [0x00000000d5580000, 0x00000000d6900000, 0x0000000100000000)
  eden space 18432K, 19% used [0x00000000d5580000,0x00000000d59039a8,0x00000000d6780000)
  from space 512K, 90% used [0x00000000d6800000,0x00000000d6874340,0x00000000d6880000)
  to   space 512K, 0% used [0x00000000d6880000,0x00000000d6880000,0x00000000d6900000)
 ParOldGen       total 68608K, used 54503K [0x0000000080000000, 0x0000000084300000, 0x00000000d5580000)
  object space 68608K, 79% used [0x0000000080000000,0x0000000083539c90,0x0000000084300000)
 Metaspace       used 59021K, committed 60544K, reserved 1114112K
  class space    used 6817K, committed 7424K, reserved 1048576K
GC Heap History (20 events):
Event: 43.028 GC heap before
{Heap before GC invocations=32 (full 2):
 PSYoungGen      total 20480K, used 20369K [0x00000000d5580000, 0x00000000d6c80000, 0x0000000100000000)
  eden space 18432K, 100% used [0x00000000d5580000,0x00000000d6780000,0x00000000d6780000)
  from space 2048K, 94% used [0x00000000d6780000,0x00000000d6964420,0x00000000d6980000)
  to   space 2560K, 0% used [0x00000000d6a00000,0x00000000d6a00000,0x00000000d6c80000)
 ParOldGen       total 68608K, used 42271K [0x0000000080000000, 0x0000000084300000, 0x00000000d5580000)
  object space 68608K, 61% used [0x0000000080000000,0x0000000082947e58,0x0000000084300000)
 Metaspace       used 55885K, committed 57280K, reserved 1114112K
  class space    used 6550K, committed 7168K, reserved 1048576K
}
Event: 43.032 GC heap after
{Heap after GC invocations=32 (full 2):
 PSYoungGen      total 20480K, used 1760K [0x00000000d5580000, 0x00000000d6c00000, 0x0000000100000000)
  eden space 18432K, 0% used [0x00000000d5580000,0x00000000d5580000,0x00000000d6780000)
  from space 2048K, 85% used [0x00000000d6a00000,0x00000000d6bb8010,0x00000000d6c00000)
  to   space 2048K, 0% used [0x00000000d6780000,0x00000000d6780000,0x00000000d6980000)
 ParOldGen       total 68608K, used 44052K [0x0000000080000000, 0x0000000084300000, 0x00000000d5580000)
  object space 68608K, 64% used [0x0000000080000000,0x0000000082b05148,0x0000000084300000)
 Metaspace       used 55885K, committed 57280K, reserved 1114112K
  class space    used 6550K, committed 7168K, reserved 1048576K
}
Event: 43.197 GC heap before
{Heap before GC invocations=33 (full 2):
 PSYoungGen      total 20480K, used 20192K [0x00000000d5580000, 0x00000000d6c00000, 0x0000000100000000)
  eden space 18432K, 100% used [0x00000000d5580000,0x00000000d6780000,0x00000000d6780000)
  from space 2048K, 85% used [0x00000000d6a00000,0x00000000d6bb8010,0x00000000d6c00000)
  to   space 2048K, 0% used [0x00000000d6780000,0x00000000d6780000,0x00000000d6980000)
 ParOldGen       total 68608K, used 44052K [0x0000000080000000, 0x0000000084300000, 0x00000000d5580000)
  object space 68608K, 64% used [0x0000000080000000,0x0000000082b05148,0x0000000084300000)
 Metaspace       used 55913K, committed 57280K, reserved 1114112K
  class space    used 6553K, committed 7168K, reserved 1048576K
}
Event: 43.200 GC heap after
{Heap after GC invocations=33 (full 2):
 PSYoungGen      total 20480K, used 1954K [0x00000000d5580000, 0x00000000d6b80000, 0x0000000100000000)
  eden space 18432K, 0% used [0x00000000d5580000,0x00000000d5580000,0x00000000d6780000)
  from space 2048K, 95% used [0x00000000d6780000,0x00000000d6968800,0x00000000d6980000)
  to   space 2048K, 0% used [0x00000000d6980000,0x00000000d6980000,0x00000000d6b80000)
 ParOldGen       total 68608K, used 45732K [0x0000000080000000, 0x0000000084300000, 0x00000000d5580000)
  object space 68608K, 66% used [0x0000000080000000,0x0000000082ca9158,0x0000000084300000)
 Metaspace       used 55913K, committed 57280K, reserved 1114112K
  class space    used 6553K, committed 7168K, reserved 1048576K
}
Event: 43.270 GC heap before
{Heap before GC invocations=34 (full 2):
 PSYoungGen      total 20480K, used 20386K [0x00000000d5580000, 0x00000000d6b80000, 0x0000000100000000)
  eden space 18432K, 100% used [0x00000000d5580000,0x00000000d6780000,0x00000000d6780000)
  from space 2048K, 95% used [0x00000000d6780000,0x00000000d6968800,0x00000000d6980000)
  to   space 2048K, 0% used [0x00000000d6980000,0x00000000d6980000,0x00000000d6b80000)
 ParOldGen       total 68608K, used 45732K [0x0000000080000000, 0x0000000084300000, 0x00000000d5580000)
  object space 68608K, 66% used [0x0000000080000000,0x0000000082ca9158,0x0000000084300000)
 Metaspace       used 55921K, committed 57344K, reserved 1114112K
  class space    used 6553K, committed 7168K, reserved 1048576K
}
Event: 43.273 GC heap after
{Heap after GC invocations=34 (full 2):
 PSYoungGen      total 20480K, used 1860K [0x00000000d5580000, 0x00000000d6b80000, 0x0000000100000000)
  eden space 18432K, 0% used [0x00000000d5580000,0x00000000d5580000,0x00000000d6780000)
  from space 2048K, 90% used [0x00000000d6980000,0x00000000d6b51000,0x00000000d6b80000)
  to   space 2048K, 0% used [0x00000000d6780000,0x00000000d6780000,0x00000000d6980000)
 ParOldGen       total 68608K, used 47410K [0x0000000080000000, 0x0000000084300000, 0x00000000d5580000)
  object space 68608K, 69% used [0x0000000080000000,0x0000000082e4cb08,0x0000000084300000)
 Metaspace       used 55921K, committed 57344K, reserved 1114112K
  class space    used 6553K, committed 7168K, reserved 1048576K
}
Event: 43.361 GC heap before
{Heap before GC invocations=35 (full 2):
 PSYoungGen      total 20480K, used 20292K [0x00000000d5580000, 0x00000000d6b80000, 0x0000000100000000)
  eden space 18432K, 100% used [0x00000000d5580000,0x00000000d6780000,0x00000000d6780000)
  from space 2048K, 90% used [0x00000000d6980000,0x00000000d6b51000,0x00000000d6b80000)
  to   space 2048K, 0% used [0x00000000d6780000,0x00000000d6780000,0x00000000d6980000)
 ParOldGen       total 68608K, used 47410K [0x0000000080000000, 0x0000000084300000, 0x00000000d5580000)
  object space 68608K, 69% used [0x0000000080000000,0x0000000082e4cb08,0x0000000084300000)
 Metaspace       used 55940K, committed 57344K, reserved 1114112K
  class space    used 6553K, committed 7168K, reserved 1048576K
}
Event: 43.364 GC heap after
{Heap after GC invocations=35 (full 2):
 PSYoungGen      total 20480K, used 1888K [0x00000000d5580000, 0x00000000d6b80000, 0x0000000100000000)
  eden space 18432K, 0% used [0x00000000d5580000,0x00000000d5580000,0x00000000d6780000)
  from space 2048K, 92% used [0x00000000d6780000,0x00000000d6958010,0x00000000d6980000)
  to   space 2048K, 0% used [0x00000000d6980000,0x00000000d6980000,0x00000000d6b80000)
 ParOldGen       total 68608K, used 49155K [0x0000000080000000, 0x0000000084300000, 0x00000000d5580000)
  object space 68608K, 71% used [0x0000000080000000,0x0000000083000c08,0x0000000084300000)
 Metaspace       used 55940K, committed 57344K, reserved 1114112K
  class space    used 6553K, committed 7168K, reserved 1048576K
}
Event: 43.434 GC heap before
{Heap before GC invocations=36 (full 2):
 PSYoungGen      total 20480K, used 20320K [0x00000000d5580000, 0x00000000d6b80000, 0x0000000100000000)
  eden space 18432K, 100% used [0x00000000d5580000,0x00000000d6780000,0x00000000d6780000)
  from space 2048K, 92% used [0x00000000d6780000,0x00000000d6958010,0x00000000d6980000)
  to   space 2048K, 0% used [0x00000000d6980000,0x00000000d6980000,0x00000000d6b80000)
 ParOldGen       total 68608K, used 49155K [0x0000000080000000, 0x0000000084300000, 0x00000000d5580000)
  object space 68608K, 71% used [0x0000000080000000,0x0000000083000c08,0x0000000084300000)
 Metaspace       used 55962K, committed 57408K, reserved 1114112K
  class space    used 6553K, committed 7168K, reserved 1048576K
}
Event: 43.437 GC heap after
{Heap after GC invocations=36 (full 2):
 PSYoungGen      total 20480K, used 1624K [0x00000000d5580000, 0x00000000d6b80000, 0x0000000100000000)
  eden space 18432K, 0% used [0x00000000d5580000,0x00000000d5580000,0x00000000d6780000)
  from space 2048K, 79% used [0x00000000d6980000,0x00000000d6b16200,0x00000000d6b80000)
  to   space 2048K, 0% used [0x00000000d6780000,0x00000000d6780000,0x00000000d6980000)
 ParOldGen       total 68608K, used 50939K [0x0000000080000000, 0x0000000084300000, 0x00000000d5580000)
  object space 68608K, 74% used [0x0000000080000000,0x00000000831bec18,0x0000000084300000)
 Metaspace       used 55962K, committed 57408K, reserved 1114112K
  class space    used 6553K, committed 7168K, reserved 1048576K
}
Event: 43.692 GC heap before
{Heap before GC invocations=37 (full 2):
 PSYoungGen      total 20480K, used 20056K [0x00000000d5580000, 0x00000000d6b80000, 0x0000000100000000)
  eden space 18432K, 100% used [0x00000000d5580000,0x00000000d6780000,0x00000000d6780000)
  from space 2048K, 79% used [0x00000000d6980000,0x00000000d6b16200,0x00000000d6b80000)
  to   space 2048K, 0% used [0x00000000d6780000,0x00000000d6780000,0x00000000d6980000)
 ParOldGen       total 68608K, used 50939K [0x0000000080000000, 0x0000000084300000, 0x00000000d5580000)
  object space 68608K, 74% used [0x0000000080000000,0x00000000831bec18,0x0000000084300000)
 Metaspace       used 56769K, committed 58176K, reserved 1114112K
  class space    used 6646K, committed 7232K, reserved 1048576K
}
Event: 43.696 GC heap after
{Heap after GC invocations=37 (full 2):
 PSYoungGen      total 19968K, used 1440K [0x00000000d5580000, 0x00000000d6a80000, 0x0000000100000000)
  eden space 18432K, 0% used [0x00000000d5580000,0x00000000d5580000,0x00000000d6780000)
  from space 1536K, 93% used [0x00000000d6780000,0x00000000d68e8040,0x00000000d6900000)
  to   space 1536K, 0% used [0x00000000d6900000,0x00000000d6900000,0x00000000d6a80000)
 ParOldGen       total 68608K, used 52475K [0x0000000080000000, 0x0000000084300000, 0x00000000d5580000)
  object space 68608K, 76% used [0x0000000080000000,0x000000008333ee18,0x0000000084300000)
 Metaspace       used 56769K, committed 58176K, reserved 1114112K
  class space    used 6646K, committed 7232K, reserved 1048576K
}
Event: 111.027 GC heap before
{Heap before GC invocations=38 (full 2):
 PSYoungGen      total 19968K, used 19872K [0x00000000d5580000, 0x00000000d6a80000, 0x0000000100000000)
  eden space 18432K, 100% used [0x00000000d5580000,0x00000000d6780000,0x00000000d6780000)
  from space 1536K, 93% used [0x00000000d6780000,0x00000000d68e8040,0x00000000d6900000)
  to   space 1536K, 0% used [0x00000000d6900000,0x00000000d6900000,0x00000000d6a80000)
 ParOldGen       total 68608K, used 52475K [0x0000000080000000, 0x0000000084300000, 0x00000000d5580000)
  object space 68608K, 76% used [0x0000000080000000,0x000000008333ee18,0x0000000084300000)
 Metaspace       used 57445K, committed 58880K, reserved 1114112K
  class space    used 6692K, committed 7296K, reserved 1048576K
}
Event: 111.039 GC heap after
{Heap after GC invocations=38 (full 2):
 PSYoungGen      total 18944K, used 384K [0x00000000d5580000, 0x00000000d6980000, 0x0000000100000000)
  eden space 18432K, 0% used [0x00000000d5580000,0x00000000d5580000,0x00000000d6780000)
  from space 512K, 75% used [0x00000000d6900000,0x00000000d6960000,0x00000000d6980000)
  to   space 1024K, 0% used [0x00000000d6780000,0x00000000d6780000,0x00000000d6880000)
 ParOldGen       total 68608K, used 53734K [0x0000000080000000, 0x0000000084300000, 0x00000000d5580000)
  object space 68608K, 78% used [0x0000000080000000,0x0000000083479800,0x0000000084300000)
 Metaspace       used 57445K, committed 58880K, reserved 1114112K
  class space    used 6692K, committed 7296K, reserved 1048576K
}
Event: 482.067 GC heap before
{Heap before GC invocations=39 (full 2):
 PSYoungGen      total 18944K, used 18816K [0x00000000d5580000, 0x00000000d6980000, 0x0000000100000000)
  eden space 18432K, 100% used [0x00000000d5580000,0x00000000d6780000,0x00000000d6780000)
  from space 512K, 75% used [0x00000000d6900000,0x00000000d6960000,0x00000000d6980000)
  to   space 1024K, 0% used [0x00000000d6780000,0x00000000d6780000,0x00000000d6880000)
 ParOldGen       total 68608K, used 53734K [0x0000000080000000, 0x0000000084300000, 0x00000000d5580000)
  object space 68608K, 78% used [0x0000000080000000,0x0000000083479800,0x0000000084300000)
 Metaspace       used 58382K, committed 59840K, reserved 1114112K
  class space    used 6776K, committed 7360K, reserved 1048576K
}
Event: 482.098 GC heap after
{Heap after GC invocations=39 (full 2):
 PSYoungGen      total 19456K, used 640K [0x00000000d5580000, 0x00000000d6980000, 0x0000000100000000)
  eden space 18432K, 0% used [0x00000000d5580000,0x00000000d5580000,0x00000000d6780000)
  from space 1024K, 62% used [0x00000000d6780000,0x00000000d6820020,0x00000000d6880000)
  to   space 1024K, 0% used [0x00000000d6880000,0x00000000d6880000,0x00000000d6980000)
 ParOldGen       total 68608K, used 53910K [0x0000000080000000, 0x0000000084300000, 0x00000000d5580000)
  object space 68608K, 78% used [0x0000000080000000,0x00000000834a5800,0x0000000084300000)
 Metaspace       used 58382K, committed 59840K, reserved 1114112K
  class space    used 6776K, committed 7360K, reserved 1048576K
}
Event: 583.011 GC heap before
{Heap before GC invocations=40 (full 2):
 PSYoungGen      total 19456K, used 19071K [0x00000000d5580000, 0x00000000d6980000, 0x0000000100000000)
  eden space 18432K, 99% used [0x00000000d5580000,0x00000000d677ffd0,0x00000000d6780000)
  from space 1024K, 62% used [0x00000000d6780000,0x00000000d6820020,0x00000000d6880000)
  to   space 1024K, 0% used [0x00000000d6880000,0x00000000d6880000,0x00000000d6980000)
 ParOldGen       total 68608K, used 53910K [0x0000000080000000, 0x0000000084300000, 0x00000000d5580000)
  object space 68608K, 78% used [0x0000000080000000,0x00000000834a5800,0x0000000084300000)
 Metaspace       used 58490K, committed 59904K, reserved 1114112K
  class space    used 6776K, committed 7360K, reserved 1048576K
}
Event: 583.016 GC heap after
{Heap after GC invocations=40 (full 2):
 PSYoungGen      total 18944K, used 256K [0x00000000d5580000, 0x00000000d6900000, 0x0000000100000000)
  eden space 18432K, 0% used [0x00000000d5580000,0x00000000d5580000,0x00000000d6780000)
  from space 512K, 50% used [0x00000000d6880000,0x00000000d68c0000,0x00000000d6900000)
  to   space 512K, 0% used [0x00000000d6800000,0x00000000d6800000,0x00000000d6880000)
 ParOldGen       total 68608K, used 54383K [0x0000000080000000, 0x0000000084300000, 0x00000000d5580000)
  object space 68608K, 79% used [0x0000000080000000,0x000000008351bc90,0x0000000084300000)
 Metaspace       used 58490K, committed 59904K, reserved 1114112K
  class space    used 6776K, committed 7360K, reserved 1048576K
}
Event: 872.356 GC heap before
{Heap before GC invocations=41 (full 2):
 PSYoungGen      total 18944K, used 18673K [0x00000000d5580000, 0x00000000d6900000, 0x0000000100000000)
  eden space 18432K, 99% used [0x00000000d5580000,0x00000000d677c528,0x00000000d6780000)
  from space 512K, 50% used [0x00000000d6880000,0x00000000d68c0000,0x00000000d6900000)
  to   space 512K, 0% used [0x00000000d6800000,0x00000000d6800000,0x00000000d6880000)
 ParOldGen       total 68608K, used 54383K [0x0000000080000000, 0x0000000084300000, 0x00000000d5580000)
  object space 68608K, 79% used [0x0000000080000000,0x000000008351bc90,0x0000000084300000)
 Metaspace       used 58903K, committed 60288K, reserved 1114112K
  class space    used 6809K, committed 7360K, reserved 1048576K
}
Event: 872.365 GC heap after
{Heap after GC invocations=41 (full 2):
 PSYoungGen      total 18944K, used 464K [0x00000000d5580000, 0x00000000d6900000, 0x0000000100000000)
  eden space 18432K, 0% used [0x00000000d5580000,0x00000000d5580000,0x00000000d6780000)
  from space 512K, 90% used [0x00000000d6800000,0x00000000d6874340,0x00000000d6880000)
  to   space 512K, 0% used [0x00000000d6880000,0x00000000d6880000,0x00000000d6900000)
 ParOldGen       total 68608K, used 54503K [0x0000000080000000, 0x0000000084300000, 0x00000000d5580000)
  object space 68608K, 79% used [0x0000000080000000,0x0000000083539c90,0x0000000084300000)
 Metaspace       used 58903K, committed 60288K, reserved 1114112K
  class space    used 6809K, committed 7360K, reserved 1048576K
}

